[00:52:26] Using gulpfile /var/www/html/wp-content/themes/radford2020/gulpfile.js
[00:52:26] Starting 'default'...
[00:52:26] Starting 'css'...
[00:52:28] Finished 'css' after 2.75 s
[00:52:28] Starting 'watch'...
[01:03:18] Starting 'css'...
[31mError[39m in plugin "[36msass[39m"
Message:
    assets/sass/pages/_homepage.scss
Error: Invalid CSS after "/": expected 1 selector or at-rule, was "/!* This is another"
        on line 1 of assets/sass/pages/_homepage.scss
        from line 25 of assets/sass/sections/_pages.scss
        from line 91 of assets/sass/radford.scss
>> /!* This is another watch test */
   ^

[01:03:18] Finished 'css' after 207 ms
[01:04:00] Starting 'css'...
[01:04:02] Finished 'css' after 2.17 s
[01:06:20] Using gulpfile /var/www/html/wp-content/themes/radford2020/gulpfile.js
[01:06:20] Starting 'default'...
[01:06:20] Starting 'css'...
[01:06:23] Finished 'css' after 3.02 s
[01:06:23] Starting 'watch'...
